{"level":"info","message":"GetAllCategoryOperation.execute","timestamp":"2023-06-27T01:23:41.494Z"}
{"level":"info","message":"GetAllCategoryOperation.error","timestamp":"2023-06-27T01:23:53.312Z"}
{"level":"info","message":"GetAllCategoryOperation.execute","timestamp":"2023-06-27T01:24:51.647Z"}
{"level":"info","message":"GetAllCategoryOperation.execute","timestamp":"2023-06-27T01:25:23.303Z"}
{"level":"info","message":"GetAllCategoryOperation.error","timestamp":"2023-06-27T01:25:23.305Z"}
{"level":"info","message":"GetAllCategoryOperation.execute","timestamp":"2023-06-27T01:26:03.864Z"}
{"level":"info","message":"GetAllCategoryOperation.execute","timestamp":"2023-06-27T01:34:55.818Z"}
{"level":"info","message":"GetAllCategoryOperation.execute","timestamp":"2023-06-27T01:37:34.737Z"}
{"level":"info","message":"GetAllCategoryOperation.execute","timestamp":"2023-06-27T01:42:03.433Z"}
{"level":"info","message":"StoreCategoryOperation.execute","timestamp":"2023-06-27T01:51:17.492Z"}
{"level":"info","message":"StoreCategoryOperation.execute","timestamp":"2023-06-27T01:51:55.315Z"}
{"level":"info","message":"StoreCategoryOperation.execute","timestamp":"2023-06-27T01:55:07.528Z"}
{"level":"info","message":"StoreCategoryOperation.execute","timestamp":"2023-06-27T01:56:07.756Z"}
{"level":"info","message":"StoreCategoryOperation.error","timestamp":"2023-06-27T01:56:07.766Z"}
{"level":"info","message":"StoreCategoryOperation.execute","timestamp":"2023-06-27T01:57:27.058Z"}
{"level":"info","message":"StoreCategoryOperation.error","timestamp":"2023-06-27T01:57:27.061Z"}
{"level":"info","message":"StoreCategoryOperation.execute","timestamp":"2023-06-27T01:57:33.454Z"}
{"level":"info","message":"StoreCategoryOperation.error","timestamp":"2023-06-27T01:57:33.456Z"}
{"level":"info","message":"GetAllCategoryOperation.execute","timestamp":"2023-06-27T01:57:44.954Z"}
{"level":"info","message":"GetAllCategoryOperation.execute","timestamp":"2023-06-27T02:00:38.358Z"}
{"level":"info","message":"GetAllCategoryOperation.execute","timestamp":"2023-06-27T02:01:25.860Z"}
{"level":"info","message":"StoreCategoryOperation.execute","timestamp":"2023-06-27T02:04:50.913Z"}
{"level":"info","message":"CategoryController.store.error","timestamp":"2023-06-27T02:05:02.198Z"}
{"level":"info","message":"GetAllCategoryOperation.execute","timestamp":"2023-06-27T02:06:05.697Z"}
{"level":"info","message":"GetAllCategoryOperation.execute","timestamp":"2023-06-27T02:06:20.558Z"}
{"level":"info","message":"StoreCategoryOperation.execute","timestamp":"2023-06-27T02:06:24.170Z"}
{"level":"info","message":"GetAllCategoryOperation.execute","timestamp":"2023-06-27T02:06:43.698Z"}
{"level":"info","message":"StoreCategoryOperation.execute","timestamp":"2023-06-27T02:07:09.027Z"}
{"level":"info","message":"StoreCategoryOperation.execute","timestamp":"2023-06-27T02:07:28.591Z"}
{"level":"info","message":"CategoryController.store.error","timestamp":"2023-06-27T02:07:28.603Z"}
{"level":"info","message":"GetAllCategoryOperation.execute","timestamp":"2023-06-27T02:12:57.544Z"}
{"level":"info","message":"StoreCategoryOperation.execute","timestamp":"2023-06-27T02:16:16.785Z"}
{"level":"info","message":"CategoryController.store.error","timestamp":"2023-06-27T02:16:25.732Z"}
{"level":"info","message":"GetAllCategoryOperation.execute","timestamp":"2023-06-27T02:16:44.208Z"}
{"level":"info","message":"StoreCategoryOperation.execute","timestamp":"2023-06-27T02:17:52.718Z"}
{"level":"info","message":"CategoryController.store.error","timestamp":"2023-06-27T02:17:54.939Z"}
{"level":"info","message":"StoreCategoryOperation.execute","timestamp":"2023-06-27T02:18:08.422Z"}
{"level":"info","message":"CategoryController.store.error","timestamp":"2023-06-27T02:18:12.060Z"}
{"level":"info","message":"StoreCategoryOperation.execute","timestamp":"2023-06-27T02:18:28.579Z"}
{"level":"info","message":"CategoryController.store.error","timestamp":"2023-06-27T02:18:28.637Z"}
{"level":"info","message":"StoreCategoryOperation.execute","timestamp":"2023-06-27T02:18:42.423Z"}
{"level":"info","message":"CategoryController.store.error","timestamp":"2023-06-27T02:18:42.463Z"}
{"level":"info","message":"GetByIdCategoryOperation.execute","timestamp":"2023-06-27T02:28:28.105Z"}
{"level":"info","message":"CategoryController.getById.error","timestamp":"2023-06-27T02:28:28.109Z"}
{"level":"info","message":"GetByIdCategoryOperation.execute","timestamp":"2023-06-27T02:28:47.087Z"}
{"level":"info","message":"GetByIdCategoryOperation.execute","timestamp":"2023-06-27T02:28:52.247Z"}
{"level":"info","message":"GetByIdCategoryOperation.execute","timestamp":"2023-06-27T02:28:58.248Z"}
{"level":"info","message":"GetByIdCategoryOperation.execute","timestamp":"2023-06-27T02:37:42.230Z"}
{"level":"info","message":"UpdateByIdCategoryOperation.execute","timestamp":"2023-06-27T02:38:38.276Z"}
{"level":"info","message":"UpdateByIdCategoryOperation.execute","timestamp":"2023-06-27T02:39:51.710Z"}
{"level":"info","message":"UpdateByIdCategoryOperation.execute","timestamp":"2023-06-27T02:40:05.152Z"}
{"level":"info","message":"UpdateByIdCategoryOperation.execute","timestamp":"2023-06-27T02:40:33.507Z"}
{"level":"info","message":"GetAllCategoryOperation.execute","timestamp":"2023-06-27T02:40:39.084Z"}
{"level":"info","message":"UpdateByIdCategoryOperation.execute","timestamp":"2023-06-27T02:48:10.511Z"}
{"level":"info","message":"DeleteByIdCategoryOperation.execute","timestamp":"2023-06-27T02:49:15.493Z"}
{"level":"info","message":"DeleteByIdCategoryOperation.execute","timestamp":"2023-06-27T02:50:04.048Z"}
{"level":"info","message":"GetAllCategoryOperation.execute","timestamp":"2023-06-27T02:50:08.399Z"}
{"level":"info","message":"DeleteByIdCategoryOperation.execute","timestamp":"2023-06-27T02:51:50.478Z"}
{"level":"info","message":"GetAllCategoryOperation.execute","timestamp":"2023-06-27T02:52:58.209Z"}
{"level":"info","message":"DeleteByIdCategoryOperation.execute","timestamp":"2023-06-27T02:53:05.427Z"}
{"level":"info","message":"StoreCategoryOperation.execute","timestamp":"2023-06-27T03:00:36.502Z"}
{"level":"info","message":"CategoryController.store.error","timestamp":"2023-06-27T03:00:36.562Z"}
{"level":"info","message":"GetAllCategoryOperation.execute","timestamp":"2023-06-27T03:13:08.764Z"}
{"level":"info","message":"StoreCategoryOperation.execute","timestamp":"2023-06-27T03:20:04.224Z"}
{"level":"info","message":"CategoryController.store.error","timestamp":"2023-06-27T03:20:04.326Z"}
{"level":"info","message":"DeleteByIdCategoryOperation.execute","timestamp":"2023-06-27T03:20:10.351Z"}
{"level":"info","message":"CategoryController.deleteById.error","timestamp":"2023-06-27T03:20:10.357Z"}
{"level":"info","message":"DeleteByIdCategoryOperation.execute","timestamp":"2023-06-27T03:20:47.903Z"}
{"level":"info","message":"CategoryController.deleteById.error","timestamp":"2023-06-27T03:20:47.948Z"}
{"level":"info","message":"DeleteByIdCategoryOperation.execute","timestamp":"2023-06-27T03:21:13.923Z"}
{"level":"info","message":"CategoryController.deleteById.error","timestamp":"2023-06-27T03:21:13.932Z"}
{"level":"info","message":"DeleteByIdCategoryOperation.execute","timestamp":"2023-06-27T03:21:58.599Z"}
{"level":"info","message":"CategoryController.deleteById.error","timestamp":"2023-06-27T03:22:17.125Z"}
{"level":"info","message":"DeleteByIdCategoryOperation.execute","timestamp":"2023-06-27T03:23:28.007Z"}
{"level":"info","message":"DeleteByIdCategoryOperation.execute","timestamp":"2023-06-27T03:23:38.929Z"}
{"level":"info","message":"DeleteByIdCategoryOperation.execute","timestamp":"2023-06-27T03:30:43.008Z"}
{"level":"info","message":"DeleteByIdCategoryOperation.execute","timestamp":"2023-06-27T03:32:28.971Z"}
{"level":"info","message":"DeleteByIdCategoryOperation.execute","timestamp":"2023-06-27T03:36:34.796Z"}
{"level":"info","message":"CategoryController.deleteById.error","timestamp":"2023-06-27T03:36:34.921Z"}
{"level":"info","message":"GetAllCategoryOperation.execute","timestamp":"2023-06-27T11:39:29.712Z"}
{"level":"info","message":"StoreCategoryOperation.execute","timestamp":"2023-06-27T11:39:34.043Z"}
{"level":"info","message":"CategoryController.store.error","timestamp":"2023-06-27T11:39:34.052Z"}
{"level":"info","message":"StoreCategoryOperation.execute","timestamp":"2023-06-27T11:39:40.641Z"}
{"level":"info","message":"GetAllCategoryOperation.execute","timestamp":"2023-06-27T11:39:43.891Z"}
{"level":"info","message":"GetAllCategoryOperation.execute","timestamp":"2023-06-27T13:07:56.432Z"}
{"level":"info","message":"GetByIdCategoryOperation.execute","timestamp":"2023-06-27T13:08:01.363Z"}
{"level":"info","message":"CategoryController.getById.error","timestamp":"2023-06-27T13:08:01.372Z"}
{"level":"info","message":"GetByIdCategoryOperation.execute","timestamp":"2023-06-27T13:08:07.074Z"}
{"level":"info","message":"StoreCategoryOperation.execute","timestamp":"2023-06-27T13:34:57.879Z"}
{"level":"info","message":"GetAllCategoryOperation.execute","timestamp":"2023-06-27T13:35:01.883Z"}
